<?xml version="1.0" encoding="UTF-8"?>
<testng-results skipped="0" failed="0" ignored="0" total="0" passed="0">
  <reporter-output>
  </reporter-output>
  <suite name="Main Test Suite" duration-ms="8" started-at="2020-08-18T22:16:34 ICT" finished-at="2020-08-18T22:16:34 ICT">
    <groups>
    </groups>
    <test name="TestNG Test Group" duration-ms="8" started-at="2020-08-18T22:16:34 ICT" finished-at="2020-08-18T22:16:34 ICT">
    </test> <!-- TestNG Test Group -->
  </suite> <!-- Main Test Suite -->
</testng-results>
